[2013-06-27 01:57:59 -0400] openstackgerrit: John Dewey proposed a change to stackforge/cookbook-openstack-common: Changed to the common `["openstack"]["database"]` attributes.  https://review.openstack.org/34655
[2013-06-27 08:50:26 -0400] openstackgerrit: Ionut Artarisi proposed a change to stackforge/cookbook-openstack-compute: config files containing passwords shouldn't be world-readable  https://review.openstack.org/34521
[2013-06-27 08:59:07 -0400] openstackgerrit: Ionut Artarisi proposed a change to stackforge/cookbook-openstack-network: get rid of network_addr ohai plugin dependency  https://review.openstack.org/34516
[2013-06-27 09:34:18 -0400] openstackgerrit: Ionut Artarisi proposed a change to stackforge/cookbook-openstack-network: install metadata-agent packages and make the service configurable  https://review.openstack.org/34703
[2013-06-27 09:34:18 -0400] openstackgerrit: Ionut Artarisi proposed a change to stackforge/cookbook-openstack-network: SUSE support  https://review.openstack.org/34552
[2013-06-27 11:29:00 -0400] openstackgerrit: A change was merged to stackforge/cookbook-openstack-compute: config files containing passwords shouldn't be world-readable  https://review.openstack.org/34521
[2013-06-27 12:02:12 -0400] openstackgerrit: Ionut Artarisi proposed a change to stackforge/cookbook-openstack-network: remove unneeded node attributes in tests  https://review.openstack.org/34726
[2013-06-27 12:03:14 -0400] openstackgerrit: Ionut Artarisi proposed a change to stackforge/cookbook-openstack-network: SUSE support  https://review.openstack.org/34552
[2013-06-27 12:03:15 -0400] openstackgerrit: Ionut Artarisi proposed a change to stackforge/cookbook-openstack-network: install metadata-agent packages and make the service configurable  https://review.openstack.org/34544
[2013-06-27 16:35:30 -0400] openstackgerrit: A change was merged to stackforge/cookbook-openstack-network: be explicit about the rootwrap.d's dir location  https://review.openstack.org/34546
[2013-06-27 16:40:59 -0400] jaypipes: spheromak: how do I use vagabond with berkshelf? anything in particular I need to do? I noticed you wrote some code that was recently merged in for this...
[2013-06-27 16:43:05 -0400] openstackgerrit: A change was merged to stackforge/cookbook-openstack-identity: add network service_type to the register LWRP  https://review.openstack.org/34536
[2013-06-27 17:15:25 -0400] jaypipes: spheromak: nm, found it... :berkshelf in the local_chef_server mapping
[2013-06-27 18:34:09 -0400] openstackgerrit: John Dewey proposed a change to stackforge/cookbook-openstack-common: Using the common `["openstack"]["db"]` attributes.  https://review.openstack.org/34655
[2013-06-27 19:36:57 -0400] openstackgerrit: John Dewey proposed a change to stackforge/cookbook-openstack-compute: Removed db recipes  https://review.openstack.org/34784
[2013-06-27 19:41:06 -0400] openstackgerrit: John Dewey proposed a change to stackforge/cookbook-openstack-image: Removed db recipe  https://review.openstack.org/34786
[2013-06-27 19:54:24 -0400] openstackgerrit: John Dewey proposed a change to stackforge/cookbook-openstack-dashboard: Removed db recipe  https://review.openstack.org/34790
[2013-06-27 20:40:26 -0400] openstackgerrit: Jay Pipes proposed a change to stackforge/cookbook-openstack-block-storage: Up common depends to 0.3 series  https://review.openstack.org/34799
[2013-06-27 21:28:31 -0400] openstackgerrit: John Dewey proposed a change to stackforge/cookbook-openstack-identity: Removed db recipe  https://review.openstack.org/34802
[2013-06-27 21:36:06 -0400] openstackgerrit: John Dewey proposed a change to stackforge/cookbook-openstack-block-storage: Removed db recipe  https://review.openstack.org/34805
[2013-06-27 21:37:11 -0400] openstackgerrit: John Dewey proposed a change to stackforge/cookbook-openstack-image: Removed the db recipe  https://review.openstack.org/34786
[2013-06-27 21:38:07 -0400] openstackgerrit: John Dewey proposed a change to stackforge/cookbook-openstack-identity: Removed the db recipe  https://review.openstack.org/34802
[2013-06-27 21:47:58 -0400] openstackgerrit: John Dewey proposed a change to stackforge/cookbook-openstack-network: Removed the db recipe  https://review.openstack.org/34806
[2013-06-27 21:54:48 -0400] openstackgerrit: A change was merged to stackforge/cookbook-openstack-network: get rid of network_addr ohai plugin dependency  https://review.openstack.org/34516
[2013-06-27 22:36:05 -0400] openstackgerrit: A change was merged to stackforge/cookbook-openstack-common: Continued work on rabbit host methods  https://review.openstack.org/34092
[2013-06-27 22:40:40 -0400] openstackgerrit: A change was merged to stackforge/cookbook-openstack-common: Using the common `["openstack"]["db"]` attributes.  https://review.openstack.org/34655
