[2012-05-13 15:16:57 -0400] github-bawt: [chef] btm pushed 2 new commits to master: http://git.io/gTefDQ
[2012-05-13 15:16:57 -0400] github-bawt: [chef/master] bump version for development - Bryan McLellan
[2012-05-13 15:16:57 -0400] github-bawt: [chef/master] CHEF-3108: remove mixlib-shellout version constraint on the RC release - Bryan McLellan
[2012-05-13 17:14:43 -0400] jtimberman: boo.
[2012-05-13 17:15:04 -0400] jtimberman: ohai 0.6.12 does not get node['ipaddress'] when an ohai resource reloads all the plugins.
[2012-05-13 18:05:09 -0400] atomic-penguin: jtimberman, I've got a fix for a bug introduced in http://tickets.opscode.com/browse/COOK-1129, should I open a new ticket or re-open that issue?
[2012-05-13 18:35:04 -0400] jtimberman: atomic-penguin: reopen that one. i think you should be able to do, and uncheck 'merged'
[2012-05-13 18:35:24 -0400] atomic-penguin: jtimberman, hmm, already opened a new issue and pull requested
[2012-05-13 18:35:49 -0400] jtimberman: atomic-penguin: oh ok :)
[2012-05-13 18:35:55 -0400] jtimberman: atomic-penguin: is the new one resolved?
[2012-05-13 18:36:51 -0400] atomic-penguin: Yeah
[2012-05-13 18:37:36 -0400] atomic-penguin: https://github.com/opscode-cookbooks/perl/pull/3
[2012-05-13 23:17:05 -0400] github-bawt: [knife-ec2/master] added instance tagging based on https://github.com/jlindsey branch - Sam Marx
[2012-05-13 23:17:05 -0400] github-bawt: [knife-ec2/master] Always set Name tag on server create. - Steven Danna
[2012-05-13 23:17:05 -0400] github-bawt: [knife-ec2] stevendanna pushed 4 new commits to master: http://git.io/q1hW-Q
[2012-05-13 23:17:06 -0400] github-bawt: [knife-ec2/master] Add tests for new tag features. - Steven Danna
[2012-05-13 23:46:35 -0400] ptrstr_: hmm i don't think chef-client should be using 18Gb of memory
[2012-05-13 23:47:18 -0400] ptrstr_: got in some kind of bad state
[2012-05-13 23:48:51 -0400] ptrstr_: only exception in the log is ArgumentError: Attribute fqdn is not defined!
[2012-05-13 23:48:57 -0400] ptrstr_: restart fixed it though
[2012-05-13 23:49:19 -0400] ptrstr_: jtimberman: which issue is the no ipadress ? i've run into that one
