[2013-10-17 01:32:11 -0400] openstackgerrit: andrew yongjoon kong proposed a change to stackforge/cookbook-openstack-compute: blocking live migration. Closes-Bug: #1240759  https://review.openstack.org/52263
[2013-10-17 02:49:26 -0400] openstackgerrit: andrew yongjoon kong proposed a change to stackforge/cookbook-openstack-compute: change test code  https://review.openstack.org/52269
[2013-10-17 03:36:09 -0400] openstackgerrit: Eohyung Lee proposed a change to stackforge/cookbook-openstack-object-storage: Fix typos  https://review.openstack.org/52276
[2013-10-17 03:38:50 -0400] openstackgerrit: Eohyung Lee proposed a change to stackforge/cookbook-openstack-object-storage: Fix typos  https://review.openstack.org/52277
[2013-10-17 04:03:23 -0400] openstackgerrit: Eohyung Lee proposed a change to stackforge/cookbook-openstack-object-storage: Fix typos  https://review.openstack.org/52280
[2013-10-17 06:10:34 -0400] openstackgerrit: andrew yongjoon kong proposed a change to stackforge/cookbook-openstack-compute: change test code Closes-Bug: #1240759 Change-Id: I41204b24a25f8a9d998a35c7a35e372e3eaea4e8  https://review.openstack.org/52269
[2013-10-17 08:38:51 -0400] openstackgerrit: Guilhem Lettron proposed a change to stackforge/cookbook-openstack-common: Fix apt for new release And clean string substitution Oo  https://review.openstack.org/52316
[2013-10-17 08:39:39 -0400] openstackgerrit: andrew yongjoon kong proposed a change to stackforge/cookbook-openstack-compute: blocking live migration. Closes-Bug: #1240759  https://review.openstack.org/52263
[2013-10-17 10:20:01 -0400] openstackgerrit: Guilhem Lettron proposed a change to stackforge/cookbook-openstack-common: Add ability to set an interfarce in an "host" endpoint  https://review.openstack.org/52337
[2013-10-17 14:35:34 -0400] mattray: ok everyone, stop what you're doing and switch to Havana ;)
[2013-10-17 15:08:07 -0400] iartarisi: let's!
[2013-10-17 15:08:13 -0400] iartarisi: I guess we need some new branches first?
[2013-10-17 15:13:26 -0400] iartarisi: I just found this: https://github.com/openstack/openstack-chef shouldn't we kill it somehow? or replace it with a link to our cookbooks?
[2013-10-17 15:25:57 -0400] iartarisi: I've requested the branch: https://review.openstack.org/#/c/52416/
[2013-10-17 15:34:02 -0400] mattray: I was going to suggest a branch and a post on the ML about it
[2013-10-17 19:57:56 -0400] spheromak: yea prob a good idea
[2013-10-17 19:58:06 -0400] spheromak: don't want to muck everyone up :|
[2013-10-17 20:45:57 -0400] mattray: pretty sure I'm being repeatedly trolled by Ubuntu. nic ordering changes between 12.04 and 13.04
[2013-10-17 21:27:27 -0400] mattray: turns out we're gonna stick with 12.04
[2013-10-17 22:51:23 -0400] openstackgerrit: Alan Meadows proposed a change to stackforge/cookbook-openstack-object-storage: Bugfix the swift-ring-builder output scanner  https://review.openstack.org/51247
[2013-10-17 22:51:50 -0400] openstackgerrit: Alan Meadows proposed a change to stackforge/cookbook-openstack-object-storage: Add stats publishing support  https://review.openstack.org/51246
[2013-10-17 22:57:07 -0400] openstackgerrit: Alan Meadows proposed a change to stackforge/cookbook-openstack-object-storage: Bugfix the swift-ring-builder output scanner  https://review.openstack.org/51247
