[2012-08-15 21:45:34 -0400] mattray: just peachy. NIC appears to be dying on my main test box
[2012-08-15 21:45:51 -0400] mattray: and nova.network and nova.networks both have to be set :/
[2012-08-15 22:09:29 -0400] Aaton: so is there a good write up on the osops_networks stuff. public = ? management = ? nova = ?
[2012-08-15 22:10:10 -0400] mattray: Aaton: I'm writing it as I debug this
[2012-08-15 22:10:18 -0400] Aaton: hehe
[2012-08-15 22:10:28 -0400] mattray: nova-network won't start
[2012-08-15 22:11:28 -0400] mattray: I keep finding attributes for networking that I missed
[2012-08-15 22:11:46 -0400] mattray: and failing hardware :/
[2012-08-15 22:11:52 -0400] Aaton: like dmz_cidr? and fixed_range
[2012-08-15 22:12:03 -0400] mattray: yes
[2012-08-15 22:12:14 -0400] mattray: lemme push my current os-networks role
[2012-08-15 22:13:34 -0400] mattray: Aaton: current WIP: https://github.com/mattray/openstack-chef-repo/blob/essex/roles/os-networks.rb
[2012-08-15 22:14:08 -0400] mattray: I'm running dhcp on my network from 10.0.111.0-100, trying to use 10.0.111.129-255 for nova-networking
[2012-08-15 22:14:25 -0400] mattray: 10.0.200.0 is management network
[2012-08-15 22:14:31 -0400] Aaton: gotcha
[2012-08-15 22:16:13 -0400] mattray: here's my log output https://gist.github.com/e5e417407754e5ccd780
[2012-08-15 22:17:00 -0400] mattray: the nova-rootwrap has weird output, just added it to the gist
[2012-08-15 22:17:17 -0400] mattray: no idea where 192.168.122.0/24 is coming from
[2012-08-15 22:17:47 -0400] Aaton: ah that is the libvirt thing... it can be ignored from what I've been told
[2012-08-15 22:18:00 -0400] mattray: well, that's where it's blowing up nova-network though
[2012-08-15 22:20:30 -0400] Aaton: on the machine can you actually run "sudo nova-rootwrap iptables-save -t filter"
[2012-08-15 22:20:44 -0400] mattray: yeah, that was the output I added to the gist
[2012-08-15 22:21:07 -0400] Aaton: ah... when I do it ... I get a # Generated by iptables-save v1.4.12 on Wed Aug 15 22:19:07 2012
[2012-08-15 22:21:08 -0400] Aaton: file
[2012-08-15 22:21:25 -0400] Aaton: so check if the user has sudo rights
[2012-08-15 22:21:37 -0400] mattray: I'm root
[2012-08-15 22:21:54 -0400] mattray: oh, for nova-network?
[2012-08-15 22:22:42 -0400] mattray: nothing set in the recipe
[2012-08-15 22:23:03 -0400] Aaton: in the log this looks like a sudo issue
[2012-08-15 22:23:04 -0400] Aaton: Stderr: 'sudo: no tty present and no askpass program specified\nSorry, try again.\nsudo: no tty present and no askpass program specified\nSorry, try again.\nsudo: no tty present and no askpass program specified\nSorry, try again.\nsudo: 3 incorrect password attempts\n'
[2012-08-15 22:23:27 -0400] mattray: yeah, but why do the other nova services start just fine? Add nova to sudoers?
[2012-08-15 22:23:55 -0400] Aaton: yep
[2012-08-15 22:23:58 -0400] Aaton: Defaults:nova !requiretty
[2012-08-15 22:23:59 -0400] Aaton: nova ALL = (root) NOPASSWD: /usr/bin/nova-rootwrap
[2012-08-15 22:24:03 -0400] Aaton: I have this file
[2012-08-15 22:24:20 -0400] Aaton:  /etc/sudoers.d/nova_sudoers
[2012-08-15 22:24:24 -0400] mattray: hmmm I wonder why that's not there
[2012-08-15 22:24:39 -0400] mattray: root@walt:/etc/sudoers.d# cat nova_sudoers
[2012-08-15 22:24:39 -0400] mattray: Defaults:nova !requiretty
[2012-08-15 22:24:40 -0400] mattray: nova ALL = (root) NOPASSWD: /usr/bin/nova-rootwrap
[2012-08-15 22:24:59 -0400] mattray: that's there
[2012-08-15 22:25:18 -0400] Aaton: ok... wtf
[2012-08-15 22:25:26 -0400] mattray: indeed
[2012-08-15 22:26:57 -0400] mattray: I wonder if there's something about sudo
[2012-08-15 22:27:13 -0400] mattray: I'm using the sudo cookbook, lemme see if that did anything
[2012-08-15 22:27:35 -0400] Aaton: and your upstart file contains exec su -s /bin/sh -c "exec nova-network --config-file=/etc/nova/nova.conf" nova
[2012-08-15 22:28:44 -0400] mattray: Aaton: could you gist your /etc/sudoers?
[2012-08-15 22:28:52 -0400] mattray: wonder if that's the case
[2012-08-15 22:28:54 -0400] mattray: #includedir /etc/sudoers.d
[2012-08-15 22:29:06 -0400] Aaton: that is correct...
[2012-08-15 22:29:17 -0400] Aaton: the #includedir
[2012-08-15 22:29:25 -0400] mattray: not included in the one provided by chef :(
[2012-08-15 22:29:32 -0400] Aaton: looks like a commented out line but thats how they do it...
[2012-08-15 22:29:49 -0400] mattray: lemme patch the sudo cookbook and see if that changes the behavior
[2012-08-15 22:30:12 -0400] Aaton: well that should fix the problem hopefully
[2012-08-15 22:30:35 -0400] mattray:     node['authorization']['sudo']['include_sudoers_d']
[2012-08-15 22:31:25 -0400] mattray: $ knife node show walt.atx.lab -a authorization.sudo.include_sudoers_d
[2012-08-15 22:31:25 -0400] mattray: authorization.sudo.include_sudoers_d:  false
[2012-08-15 22:31:42 -0400] mattray: time to fix that
[2012-08-15 22:33:06 -0400] Aaton: cool!
[2012-08-15 22:35:34 -0400] mattray: nova-network     walt                                 nova             enabled    :-)   2012-08-15 22:35:18
[2012-08-15 22:35:36 -0400] mattray: yay!
[2012-08-15 22:36:30 -0400] mattray: Success: Instance "ui-01" launched.
[2012-08-15 22:38:52 -0400] mattray: now nova-compute isn't happy
[2012-08-15 22:38:54 -0400] mattray: so close
[2012-08-15 22:38:59 -0400] mattray: but I gotta run for today
[2012-08-15 23:18:42 -0400] Aaton: take care
[2012-08-15 23:48:01 -0400] Aaton: I must be doing something wrong here... I start with a nova-compute node with br100 = 15.125.16.16 and br101 = 10.9.128.16  but after a vm is provisioned on the hardware those IP change. br100 = 15.125.24.3 and br101 = 10.9.132.3
