[2013-11-28 02:40:44 -0500] Lolindir_: Should Chef::Log.info still be working?  I've noticed messages failing being pushed to console
[2013-11-28 03:06:27 -0500] fnichol: Lolindir_: I may be wrong but the newer output formatter for chef may not display info level output. However, if you run chef-client -l info (or chef-solo), it should dump out
[2013-11-28 04:33:20 -0500] fnichol: how's it going all?
[2013-11-28 04:55:42 -0500] github-bawt: [test-kitchen] fnichol pushed 1 new commit to master: http://git.io/802hHQ
[2013-11-28 04:55:42 -0500] github-bawt: test-kitchen/master 88a48c4 Fletcher Nichol: Update default .kitchen.yml file, leaner & cleaner....
[2013-11-28 05:18:32 -0500] github-bawt: [test-kitchen] fnichol pushed 1 new commit to master: http://git.io/z4VZVg
[2013-11-28 05:18:32 -0500] github-bawt: test-kitchen/master fded245 Fletcher Nichol: Improve `kitchen init` smarts for detecting gems already in Gemfile....
[2013-11-28 05:32:25 -0500] github-bawt: [test-kitchen] fnichol pushed 1 new commit to master: http://git.io/mQhQ_Q
[2013-11-28 05:32:25 -0500] github-bawt: test-kitchen/master 99bf29f Fletcher Nichol: Cope with nil values for run_list entries in .kitchen.yml....
[2013-11-28 05:50:28 -0500] github-bawt: [test-kitchen] fnichol pushed 1 new commit to master: http://git.io/9rzGiw
[2013-11-28 05:50:28 -0500] github-bawt: test-kitchen/master ce4f578 Fletcher Nichol: Cope with nil values for attributes entries in .kitchen.yml....
[2013-11-28 05:55:15 -0500] fnichol: RoboticCheese: howdy!
[2013-11-28 05:56:01 -0500] github-bawt: [test-kitchen] fnichol pushed 1 new commit to master: http://git.io/cul6sQ
[2013-11-28 05:56:01 -0500] github-bawt: test-kitchen/master e423579 Fletcher Nichol: Update default .kitchen.yml to contain an empty attributes section....
[2013-11-28 07:51:58 -0500] github-bawt: [test-kitchen] fnichol pushed 1 new commit to master: http://git.io/ByqFpQ
[2013-11-28 07:51:58 -0500] github-bawt: test-kitchen/master 995b16d Fletcher Nichol: Test Kitchen no longer requires a cookbook to run; kitchen init anywhere!...
[2013-11-28 07:52:00 -0500] fnichol: i am so freaking happy about this one ^^^
[2013-11-28 08:40:19 -0500] github-bawt: [test-kitchen] fnichol pushed 1 new commit to master: http://git.io/PFrOVw
[2013-11-28 08:40:19 -0500] github-bawt: test-kitchen/master 0f5b4f5 Fletcher Nichol: Add --provisioner to `kitchen init` to override default, chef_solo....
[2013-11-28 09:07:53 -0500] github-bawt: [test-kitchen] fnichol pushed 1 new commit to master: http://git.io/1lIinQ
[2013-11-28 09:07:53 -0500] github-bawt: test-kitchen/master 0e0ebb3 Fletcher Nichol: Allow for nil values for `provisioner:`, `driver:`, & `busser:`.
[2013-11-28 10:04:57 -0500] github-bawt: [test-kitchen] fnichol pushed 1 new commit to master: http://git.io/mPjYmA
[2013-11-28 10:04:57 -0500] github-bawt: test-kitchen/master d946b2b Fletcher Nichol: Release 1.0.0.rc.1, Happy Thanksgiving Edition!
[2013-11-28 10:05:33 -0500] fnichol: hot damn, what did i just do? squee!
[2013-11-28 10:05:40 -0500] thom: woah
[2013-11-28 10:05:44 -0500] fnichol: haha
[2013-11-28 10:07:02 -0500] fnichol: thom: it's worth a spin, let it sit a few days to make sure nothing major is wrong and then ship it!
[2013-11-28 10:07:20 -0500] fnichol: and now bed, back in a few hours :)
[2013-11-28 10:07:25 -0500] thom: oh, that's a lie, because i still need https://github.com/test-kitchen/test-kitchen/pull/130 so i'll just merge that to my branch
[2013-11-28 10:09:18 -0500] Cope: fnichol: awyeah
[2013-11-28 10:10:08 -0500] github-bawt: [test-kitchen] fnichol pushed 1 new commit to master: http://git.io/Mx3ChQ
[2013-11-28 10:10:08 -0500] github-bawt: test-kitchen/master d68dfcb Fletcher Nichol: Up version for development.
[2013-11-28 15:06:22 -0500] eliklein: fnichol: !!
[2013-11-28 16:07:49 -0500] github-bawt: [test-kitchen] schisamo created busser-fixes (+4 new commits): http://git.io/WbPZ6A
[2013-11-28 16:07:50 -0500] github-bawt: test-kitchen/busser-fixes cbe4fa8 Seth Chisamore: Busser config key name is `sudo` not `use_sudo`
[2013-11-28 16:07:50 -0500] github-bawt: test-kitchen/busser-fixes caaebd9 Seth Chisamore: Ensure `busser/ruby_bindir` config value is respected
[2013-11-28 16:07:50 -0500] github-bawt: test-kitchen/busser-fixes a27197a Seth Chisamore: Ensure `busser/busser_bin` config value is respected
[2013-11-28 16:11:50 -0500] github-bawt: [test-kitchen] schisamo opened pull request #265: Busser Fixes (master...busser-fixes) http://git.io/92uiHw
[2013-11-28 17:44:41 -0500] github-bawt: [test-kitchen] fnichol pushed 1 new commit to master: http://git.io/ShYIoQ
[2013-11-28 17:44:41 -0500] github-bawt: test-kitchen/master 2c94d48 Fletcher Nichol: Update CHANGELOG with contributor and issue links.
[2013-11-28 17:52:38 -0500] fnichol: good morning chefs!
[2013-11-28 18:07:53 -0500] fnichol: There is a fresh Test Kitchen 1.0.0.rc.1 release that went out a few hours ago. For those of you Kitcheners not turkeying, try to upgrade in place and run it through it's paces. Any issues, crashes, etc. please post an issue or ping me.
[2013-11-28 18:08:30 -0500] fnichol: Any blockers today will get rolled into 1.0.0.rc.2 tonight. We're in the home stretch
[2013-11-28 22:08:50 -0500] github-bawt: [chef] adamedx created adamed-chef-4553 (+1 new commit): http://git.io/lFXTyw
[2013-11-28 22:08:51 -0500] github-bawt: chef/adamed-chef-4553 e632d8a adamedx: CHEF-4553: Enabled script interpreter selection for powershell guards
