[2014-07-15 03:16:41 -0400] openstackgerrit: A change was merged to stackforge/cookbook-openstack-database: set conductor's logdir to /var/log/trove  https://review.openstack.org/103808
[2014-07-15 03:17:46 -0400] openstackgerrit: A change was merged to stackforge/cookbook-openstack-database: set trove_volume_support from the attribute in taskmanager.conf  https://review.openstack.org/104204
[2014-07-15 03:18:06 -0400] galstrom: os-chef-bot: help
[2014-07-15 03:21:22 -0400] openstackgerrit: A change was merged to stackforge/cookbook-openstack-database: remove the guestagent recipe from metadata.rb  https://review.openstack.org/103179
[2014-07-15 03:21:22 -0400] openstackgerrit: A change was merged to stackforge/cookbook-openstack-database: don't set a notification topic, trove doesn't use it  https://review.openstack.org/103807
[2014-07-15 03:34:32 -0400] openstackgerrit: A change was merged to stackforge/cookbook-openstack-telemetry: use new python_packages attributes from -common  https://review.openstack.org/104480
[2014-07-15 03:39:55 -0400] openstackgerrit: A change was merged to stackforge/cookbook-openstack-dashboard: Make security rules with All translatable  https://review.openstack.org/104231
[2014-07-15 03:57:38 -0400] openstackgerrit: A change was merged to stackforge/cookbook-openstack-network: Add a SSL configuration item  https://review.openstack.org/105399
[2014-07-15 04:04:52 -0400] openstackgerrit: A change was merged to stackforge/cookbook-openstack-network: Allow namespaces to be removable.  https://review.openstack.org/104059
[2014-07-15 04:10:51 -0400] openstackgerrit: A change was merged to stackforge/cookbook-openstack-block-storage: added rootwrap.conf template like in cookbook-openstack-compute  https://review.openstack.org/104202
[2014-07-15 08:39:43 -0400] openstackgerrit: Eric Zhou proposed a change to stackforge/cookbook-openstack-compute: Move auth config from api-paste.ini to nova.conf.  https://review.openstack.org/106965
[2014-07-15 08:48:23 -0400] openstackgerrit: Ionut Artarisi proposed a change to stackforge/cookbook-openstack-database: add more rabbitmq attributes  https://review.openstack.org/103843
[2014-07-15 09:06:57 -0400] mattt: markvan_: https://github.com/hughsaunders/stackforge-aio/pull/10
[2014-07-15 09:07:11 -0400] mattt: markvan_: going to disable that centos check until the link you posted goes through
[2014-07-15 14:25:30 -0400] j^2: http://tranquil-anchorage-9510.herokuapp.com/os-chef-bot/help
[2014-07-15 14:26:47 -0400] j^2: os-chef-bot: time
[2014-07-15 14:26:47 -0400] os-chef-bot: Server time is: Tue Jul 15 2014 14:26:47 GMT+0000 (UTC)
[2014-07-15 14:53:27 -0400] markvan_: mattt: thx for the update. There's already a +2 on that cherrypick, so hopefully it will go soon.
[2014-07-15 14:53:27 -0400] os-chef-bot: markvan_: while you were out, j^2 said: i got the bot working with ambush, you can do it via: os-chef-bot ambush <user name>: <message>
[2014-07-15 14:53:35 -0400] j^2: :D
[2014-07-15 14:53:49 -0400] j^2: i thought it might be nice to have a way to ping each other
[2014-07-15 14:54:41 -0400] markvan_: j^2:   humm, something new to learn.
[2014-07-15 14:54:51 -0400] j^2: it's not that bad ;)
[2014-07-15 14:55:12 -0400] j^2: it's hubot from github too, coffeescript, you can do some pretty crazy stuff if you want
[2014-07-15 14:56:18 -0400] markvan_: wow, os-chef-bot mustache me....!?
[2014-07-15 14:56:45 -0400] j^2: heh
[2014-07-15 14:56:50 -0400] j^2: yeah its all the default stuff
[2014-07-15 14:56:54 -0400] j^2: it's a frame work
[2014-07-15 14:56:58 -0400] j^2: i took out the pug on
[2014-07-15 14:57:02 -0400] j^2: pug one
[2014-07-15 14:57:17 -0400] j^2: https://github.com/jjasghar/os-chef-bot
[2014-07-15 14:57:21 -0400] j^2: thats the repo
[2014-07-15 14:57:27 -0400] markvan_: k
[2014-07-15 14:58:56 -0400] j^2: we could get him to give us data on repos/scraping sites for information, we could probably say "os-chef-bot: open reviews for JJ" or something and it could output them here
[2014-07-15 14:58:58 -0400] j^2: something like that
[2014-07-15 14:59:01 -0400] markvan_: os-chef-bot: help
[2014-07-15 14:59:02 -0400] os-chef-bot: Events:
[2014-07-15 14:59:02 -0400] os-chef-bot: debug - {user: <user object to send message to>}
[2014-07-15 14:59:03 -0400] os-chef-bot: os-chef-bot <user> doesn't have <role> role - Removes a role from a user
[2014-07-15 14:59:03 -0400] os-chef-bot: os-chef-bot <user> has <role> role - Assigns a role to a user
[2014-07-15 14:59:03 -0400] os-chef-bot: os-chef-bot <user> is a badass guitarist - assign a role to a user
[2014-07-15 14:59:15 -0400] j^2: i can turn on the flooding if you want
[2014-07-15 14:59:26 -0400] j^2: if you want help atm
[2014-07-15 14:59:28 -0400] j^2: http://tranquil-anchorage-9510.herokuapp.com/os-chef-bot/help
[2014-07-15 14:59:33 -0400] j^2: thats the http server attached to it
[2014-07-15 14:59:46 -0400] j^2: it's the very beginning of this guy :)
[2014-07-15 15:00:00 -0400] j^2: (i was a big chatops guy at my last company)
[2014-07-15 15:00:34 -0400] j^2: here's a couple posts i made on it: http://jjasghar.github.io/blog/categories/hubot/
[2014-07-15 15:00:39 -0400] markvan_: this looks like a great start....hopefully us old guys can follow along  ;)
[2014-07-15 15:00:44 -0400] j^2: :D
[2014-07-15 15:03:34 -0400] j^2: the ambush'll probably be the best way to at least get a hold of me, i use a irc bouncer so i'm always online so i can miss pings
[2014-07-15 15:04:28 -0400] markvan_: so something like this
[2014-07-15 15:04:47 -0400] markvan_: os-chef-bot: ambush j^2:   hello
[2014-07-15 15:04:48 -0400] os-chef-bot: Ambush prepared
[2014-07-15 15:04:59 -0400] j^2: :D
[2014-07-15 15:05:00 -0400] os-chef-bot: j^2: while you were out, markvan_ said:   hello
[2014-07-15 15:05:02 -0400] j^2: perfect
[2014-07-15 15:05:12 -0400] markvan_: kewl
[2014-07-15 15:09:30 -0400] openstackgerrit: Mark Vanderwiel proposed a change to stackforge/cookbook-openstack-network: Allow veth_mtu to be configured in openvswitch agent  https://review.openstack.org/97522
[2014-07-15 16:10:50 -0400] j^2: :)
[2014-07-15 16:38:51 -0400] j^2: markvan_: i'm starting to think that live migrations have been depricated completely
[2014-07-15 16:39:24 -0400] j^2: http://docs.openstack.org/admin-guide-cloud/content/section_configuring-compute-migrations.html
[2014-07-15 16:40:05 -0400] j^2: well not "depracted" but strongly suggested NOT to use
[2014-07-15 18:35:13 -0400] lrr: i'm having issues with berks and testing a nova aio in vagrant
[2014-07-15 18:35:28 -0400] j^2: lrr: yeah there are some nasty berks issues iirc
[2014-07-15 18:36:02 -0400] lrr: how can I test in vagrant if at the end berks (not vagrant-berkshelf) complains that the berks lock file is out of sync?
[2014-07-15 18:36:17 -0400] j^2: a gist please?
[2014-07-15 18:36:29 -0400] lrr: of the output or of the vagrantfile?
[2014-07-15 18:36:42 -0400] j^2: output first please
[2014-07-15 18:37:01 -0400] lrr: ok, let me finish the vagrant up i just did :\
[2014-07-15 18:37:03 -0400] j^2: i also ran into: https://github.com/RiotGames/ridley/pull/255 attempting vagrant the other day
[2014-07-15 18:37:06 -0400] j^2: sure np
[2014-07-15 18:38:11 -0400] lrr: chef zero cookbook upload is slow :\
[2014-07-15 18:38:19 -0400] j^2: it really is
[2014-07-15 18:47:17 -0400] lrr: j^2: http://pastebin.osuosl.org/9041/
[2014-07-15 18:47:18 -0400] os-chef-bot: #9041  OSL Pastebin
[2014-07-15 18:48:00 -0400] j^2: awesome thanks
[2014-07-15 18:49:48 -0400] j^2: oh interesting
[2014-07-15 18:49:57 -0400] j^2: yeah that's different than i've been seeing
[2014-07-15 18:50:08 -0400] lrr: :\
[2014-07-15 18:50:18 -0400] lrr: i'm using ubuntu 14.04 is that make any difference
[2014-07-15 18:50:36 -0400] j^2: hmm
[2014-07-15 18:50:40 -0400] j^2: i'll have to play with it
[2014-07-15 18:57:05 -0400] j^2: what version of berkshelf are you using?
[2014-07-15 18:57:27 -0400] j^2: for that matter can i see your Gemfile?
[2014-07-15 18:57:51 -0400] lrr: i pulled it from the master chef-repo this morning
[2014-07-15 18:57:54 -0400] lrr: 2.0.18
[2014-07-15 18:57:58 -0400] j^2: ah
[2014-07-15 18:58:00 -0400] j^2: ok
[2014-07-15 18:58:12 -0400] lrr: i may have had a berks issue with vagrant berkshelf plugin being in stalled
[2014-07-15 18:58:19 -0400] lrr: i'm wiping my vagrant env and trying again
[2014-07-15 18:58:34 -0400] j^2: which version of vagrant are you using? 1.6?
[2014-07-15 18:58:47 -0400] j^2: i hand some crazyness with 1.6, never got the damn thing to boot
[2014-07-15 18:58:51 -0400] lrr: yeah, 1.6
[2014-07-15 18:58:56 -0400] lrr: i guess i'll find and older version
[2014-07-15 18:59:00 -0400] lrr: which version do you use?
[2014-07-15 18:59:04 -0400] j^2: the best luck i've had with is: Vagrant 1.5.4
[2014-07-15 18:59:12 -0400] lrr: ok, i'll find that one
[2014-07-15 18:59:14 -0400] j^2: but then i run into that issue/255
[2014-07-15 18:59:23 -0400] j^2: it's a cluster right now
[2014-07-15 18:59:48 -0400] j^2: markvan_: in the hangout :)
[2014-07-15 18:59:54 -0400] j^2: galstrom_zzz: in the hangout
[2014-07-15 19:01:28 -0400] markvan_: j^2:  heading that way
[2014-07-15 19:01:29 -0400] lrr: j^2: i gotta head out to lunch, i'll check back in with you after i change my vagrant env
[2014-07-15 19:01:40 -0400] j^2: lrr: awesome, i'm here to help
[2014-07-15 19:06:27 -0400] j^2: galstrom_zzz: ping
[2014-07-15 20:15:59 -0400] openstackgerrit: Brad Wadsworth proposed a change to stackforge/cookbook-openstack-ops-database: Update database and mysql dependency.  https://review.openstack.org/101622
[2014-07-15 20:16:00 -0400] os-chef-bot: Gerrit Code Review
[2014-07-15 20:17:06 -0400] j^2: aw damn
[2014-07-15 20:17:10 -0400] j^2: that's gonna get annoying
[2014-07-15 20:39:28 -0400] lrr: j^2: so do you have a working vagrant + stackforge setup?
[2014-07-15 20:40:32 -0400] j^2: :'(
[2014-07-15 20:40:34 -0400] j^2: nope
[2014-07-15 20:41:33 -0400] lrr: :(
[2014-07-15 20:41:54 -0400] lrr: i've sanitized my env, and now vagrant crashes like the issue you're talking about
[2014-07-15 20:42:18 -0400] j^2: yeah
[2014-07-15 20:42:36 -0400] j^2: can you comment on that thread too with what you've found? maybe we can get some eyes on it
[2014-07-15 20:42:39 -0400] lrr: j^2: how are you testing thing then?
[2014-07-15 20:42:49 -0400] j^2: ....i'm not :(
[2014-07-15 20:42:55 -0400] j^2: it's hardcore broken atm
[2014-07-15 20:42:56 -0400] lrr: ah
[2014-07-15 20:43:13 -0400] lrr: it's weird that there weren't crashing issues with vagrant 1.6
[2014-07-15 20:43:22 -0400] lrr: but in 1.5.x riddley crashes
[2014-07-15 20:43:36 -0400] j^2: yeah
[2014-07-15 20:43:56 -0400] j^2: i bang'd my head against a wall for a couple days trying to figure that guy out
[2014-07-15 20:44:07 -0400] lrr: grrr
[2014-07-15 20:44:17 -0400] lrr: why does ruby have to be so stupid?!!?
[2014-07-15 20:44:28 -0400] j^2: sssshhhh that'll piss it off ;)
[2014-07-15 20:44:57 -0400] lrr: haha
[2014-07-15 20:46:48 -0400] lrr: well i'll just have to manually recreate the vagrant env using vb
[2014-07-15 20:46:50 -0400] lrr: :\
[2014-07-15 20:47:02 -0400] j^2: :-/
[2014-07-15 20:47:17 -0400] j^2: i'm not sure what the next step is to be honest
[2014-07-15 21:08:44 -0400] j^2: markvan_: https://bugs.launchpad.net/openstack-chef/+bug/1342002 +1
[2014-07-15 21:08:45 -0400] os-chef-bot: Bug #1342002 Move keystone_authtoken configuration from api-pas... : Bugs : OpenStack + Chef
[2014-07-15 21:15:11 -0400] j^2: man, trying to decypher https://bugs.launchpad.net/openstack-chef is hard
[2014-07-15 21:15:13 -0400] os-chef-bot: Bugs : OpenStack + Chef
[2014-07-15 21:15:17 -0400] j^2: i think i may have screwed up a couple
[2014-07-15 21:22:18 -0400] galstrom: j^2, markvan_ : i did not know what time the hangout was
[2014-07-15 21:22:29 -0400] j^2: oh i thought i sent you an invite
[2014-07-15 21:22:46 -0400] galstrom: you did.. it somehow did not make it into my calendar
[2014-07-15 21:22:50 -0400] galstrom: my fault not yours
[2014-07-15 21:22:51 -0400] galstrom: sorry
[2014-07-15 21:22:52 -0400] j^2: :-/
[2014-07-15 21:22:54 -0400] j^2: no worries
[2014-07-15 21:23:15 -0400] j^2: we'd like to steal you for a bit to walk through some stuff, make sure we're all on the same page
[2014-07-15 21:23:25 -0400] j^2: how's tomorrow afternoon look for you?
[2014-07-15 21:23:39 -0400] PaulCzar: j^2: we should look at transitioning from Vagrant to TestKitchen
[2014-07-15 21:23:46 -0400] j^2: PaulCzar: agreed
[2014-07-15 21:24:12 -0400] j^2: PaulCzar: i'm trying to get the damn single vagrant box to boot first :'(
[2014-07-15 21:24:31 -0400] j^2: not sure if i just want to scrap it, there's a lot of different ways to skin this cat
[2014-07-15 21:24:42 -0400] PaulCzar: j^2: yeah, just getting vagrant to work right with berkshelf is getting harder
[2014-07-15 21:24:59 -0400] j^2: agreed
[2014-07-15 21:25:05 -0400] j^2: galstrom, markvan_ sent an updated invite
[2014-07-15 21:25:08 -0400] PaulCzar: and I have tons of problems with vagrant-chef-zero as well
[2014-07-15 21:26:10 -0400] PaulCzar: j^2: I might try and find some time to do a PR for a kitchen swapout   Ive basically done it for my own chef_repo  so shouldnt be too hard
[2014-07-15 21:26:21 -0400] j^2: :D
[2014-07-15 21:28:16 -0400] j^2: the elephant in the room is integration testing too. having test-kitchen checked off will get us closer to refocusing on integration testing
[2014-07-15 21:28:22 -0400] galstrom: j^2: i have a conflict at 15:00  - 16:00 CDT (13:00 PDT)
[2014-07-15 21:28:34 -0400] galstrom: i am open at 14:00 - 15:00 CDT
[2014-07-15 21:28:55 -0400] j^2: updated
[2014-07-15 21:46:45 -0400] j^2: markvan_: i created https://gist.github.com/jjasghar/f2cd601c133dfec47c65 to explain the bug reports. It's just a proposal, but none of the reports where consistant, so i think we should have a doc or something
[2014-07-15 21:46:46 -0400] os-chef-bot: Proposed Bug Reporting for Openstack-chef on launchpad
[2014-07-15 21:47:53 -0400] j^2: if there is concensis on this, i'd like to add it to docs.opscode.com/openstack docs
[2014-07-15 21:48:17 -0400] j^2: i mean
[2014-07-15 21:48:19 -0400] j^2: http://docs.opscode.com/openstack.html
[2014-07-15 21:48:19 -0400] os-chef-bot: Chef for OpenStack  Chef Docs
[2014-07-15 21:54:06 -0400] j^2: os-chef-bot: ambush markvan_: i created https://gist.github.com/jjasghar/f2cd601c133dfec47c65 to explain the bug reports. It's just a proposal, but none of the reports where consistant, so i think we should have a doc or something
[2014-07-15 21:54:06 -0400] os-chef-bot: Ambush prepared
[2014-07-15 21:54:07 -0400] os-chef-bot: Proposed Bug Reporting for Openstack-chef on launchpad
[2014-07-15 22:10:27 -0400] j^2: turns out there's a "guideline" section when you make a bug report, i put these friendly requests there so we can start getting some consistency
