[2014-03-31 08:57:15 -0400] srenatus: good morning channel.  Contemplating the following, I wonder what might have been tried in this regard already:  every now and then, it happens that you loop over something and create resources for each iteration.  You cannot just (for example) say "execute 'whatever'", but you'll have to 'execute "#{thing}: whatever" { command "whatever" }'  -- Wouldn't it be convenient if there was a library function for adding that indirection automatically?
[2014-03-31 08:59:58 -0400] srenatus: https://gist.github.com/srenatus/9888226  illustrating the idea
[2014-03-31 10:39:26 -0400] zts: srenatus: uh, in the case of execute (in particular), you absolutely can do that
[2014-03-31 10:40:23 -0400] zts: srenatus: if you don't specify a separate command parameter, it will default to name you gave the resource
[2014-03-31 10:42:37 -0400] zts: ah, but I see in your gist that you want to run the exact same command each time, but with other parameters changed
[2014-03-31 11:37:20 -0400] srenatus: zts: exactly, I'd like the name attribute of all the resources in the passed block to become their identity_attr (name) attribute, then prefix their names
[2014-03-31 12:41:14 -0400] zts: srenatus: personally, I wouldn't want to use such a feature - but if someone implemented it, I'd be curious to read it to see how
[2014-03-31 12:42:10 -0400] zts: srenatus: I'm also wondering whether it would be useful for many resources besides 'execute' - usually when I'm interating over a set of things (packages, directories, etc), I don't need to jump through that particular hoop
[2014-03-31 12:44:18 -0400] srenatus: zts: you're probably right.  package and execute...
[2014-03-31 12:44:50 -0400] srenatus: zts: plus, thinking about it, it always comes back to the question "how to handle resource redefinitions?"
[2014-03-31 15:56:49 -0400] github-bawt: [chef] adamedx force-pushed adamed/mount_spec from 1b2ee8d to f0a35fa: http://git.io/HrRIpg
[2014-03-31 15:56:49 -0400] github-bawt: chef/adamed/mount_spec f0a35fa Adam Edwards: Mount spec should use File::expand_path for symmetry on Windows
[2014-03-31 16:44:01 -0400] github-bawt: [ohai] adamedx created adamed/merge-2014-03-31 (+19 new commits): http://git.io/SHSH1Q
[2014-03-31 16:44:02 -0400] github-bawt: ohai/adamed/merge-2014-03-31 ad2e189 Eric G. Wolfe: OHAI-551...
[2014-03-31 16:44:03 -0400] github-bawt: ohai/adamed/merge-2014-03-31 d794fa8 Eric G. Wolfe: OHAI-551...
[2014-03-31 16:44:03 -0400] github-bawt: ohai/adamed/merge-2014-03-31 b891c6f Eric G. Wolfe: Add coverage for arbitrarily named cgroups...
[2014-03-31 16:51:07 -0400] github-bawt: [ohai] adamedx force-pushed adamed/merge-2014-03-31 from 5dee73e to 6ec0a53: http://git.io/AUStow
[2014-03-31 16:51:07 -0400] github-bawt: ohai/adamed/merge-2014-03-31 87d56cf adamedx: Merge branch 'OHAI-542' into adamed/merge-2014-03-31
[2014-03-31 16:51:08 -0400] github-bawt: ohai/adamed/merge-2014-03-31 1c2f1a8 KC Braunschweig: OHAI-550 java -version wastes memory...
[2014-03-31 16:51:08 -0400] github-bawt: ohai/adamed/merge-2014-03-31 9b0688a KC Braunschweig: Updated tests for new command
[2014-03-31 16:59:33 -0400] github-bawt: [chef] sersut pushed 1 new commit to master: http://git.io/OIkHwA
[2014-03-31 16:59:34 -0400] github-bawt: chef/master 78621a7 Serdar Sutay: Merge pull request #1352 from opscode/adamed/mount_spec...
[2014-03-31 17:00:33 -0400] github-bawt: [ohai] adamedx pushed 1 new commit to adamed/merge-2014-03-31: http://git.io/TUr5lg
[2014-03-31 17:00:34 -0400] github-bawt: ohai/adamed/merge-2014-03-31 7d545d0 adamedx: CHANGELOG update for OHAI-542, OHAI-550, OHAI-551, OHAI-554, OHAI-557
[2014-03-31 17:05:38 -0400] github-bawt: [ohai] adamedx created adamed/7-stable-merge-2014-03-31 (+6 new commits): http://git.io/F1gsrQ
[2014-03-31 17:05:39 -0400] github-bawt: ohai/adamed/7-stable-merge-2014-03-31 4da722a adamedx: Merge branch 'OHAI-542' into adamed/merge-2014-03-31
[2014-03-31 17:05:40 -0400] github-bawt: ohai/adamed/7-stable-merge-2014-03-31 490456f adamedx: Merge branch 'OHAI-550' into adamed/merge-2014-03-31
[2014-03-31 17:05:40 -0400] github-bawt: ohai/adamed/7-stable-merge-2014-03-31 2da5714 adamedx: Merge branch 'OHAI-551' into adamed/merge-2014-03-31
[2014-03-31 17:12:35 -0400] github-bawt: [chef] josephrdsmith created chef-5169 from master (+0 new commits): http://git.io/Yhof4Q
[2014-03-31 17:16:09 -0400] github-bawt: [chef] josephrdsmith pushed 1 new commit to chef-5169: http://git.io/EGvknA
[2014-03-31 17:16:10 -0400] github-bawt: chef/chef-5169 721e379 Joseph Smith: added require for config_fetcher
[2014-03-31 17:38:55 -0400] github-bawt: [chef] josephrdsmith pushed 1 new commit to chef-5169: http://git.io/jRPzJw
[2014-03-31 17:38:56 -0400] github-bawt: chef/chef-5169 132a7c4 Joseph Smith: fix for chef-5169, added note to changelog
[2014-03-31 17:55:40 -0400] github-bawt: [omnibus-chef] danielsdeleo created ci-investigate (+1 new commit): http://git.io/OqoqtQ
[2014-03-31 17:55:41 -0400] github-bawt: omnibus-chef/ci-investigate 42c8c2e danielsdeleo: Use `ci-investigate` branch of chefdk to debug Ci issues
[2014-03-31 18:46:22 -0400] github-bawt: [omnibus-chef] sersut pushed 1 new commit to master: http://git.io/tR--OA
[2014-03-31 18:46:22 -0400] github-bawt: omnibus-chef/master fa137b5 sersut: Pick up changes in omnibus-ruby and omnibus-software.
[2014-03-31 18:48:19 -0400] github-bawt: [chef] sersut pushed 1 new commit to master: http://git.io/eHdvKA
[2014-03-31 18:48:20 -0400] github-bawt: chef/master cecc36d Serdar Sutay: Merge pull request #1353 from opscode/ci-spec-updates...
[2014-03-31 18:49:50 -0400] github-bawt: [ohai] sersut pushed 1 new commit to master: http://git.io/vJeHcQ
[2014-03-31 18:49:50 -0400] github-bawt: ohai/master a0d3093 Serdar Sutay: Merge pull request #305 from opscode/adamed/merge-2014-03-31...
[2014-03-31 18:49:59 -0400] github-bawt: [ohai] sersut deleted adamed/7-stable-merge-2014-03-31 at 031a29c: http://git.io/AkLryA
[2014-03-31 18:51:47 -0400] github-bawt: [ohai] sersut pushed 1 new commit to 7-stable: http://git.io/gyVMNg
[2014-03-31 18:51:47 -0400] github-bawt: ohai/7-stable db51823 sersut: Bump version number for RC.
[2014-03-31 18:56:33 -0400] github-bawt: [chef] sersut pushed 1 new commit to chef-5169: http://git.io/HH7xdw
[2014-03-31 18:56:33 -0400] github-bawt: chef/chef-5169 1f464a5 sersut: Add spec for CHEF-5169.
[2014-03-31 18:56:52 -0400] github-bawt: [chef] sersut pushed 1 new commit to master: http://git.io/SvqKgg
[2014-03-31 18:56:53 -0400] github-bawt: chef/master 01db2c5 Serdar Sutay: Merge pull request #1354 from opscode/chef-5169...
[2014-03-31 18:58:36 -0400] github-bawt: [chef] sersut pushed 1 new commit to 11-stable: http://git.io/xhJBiw
[2014-03-31 18:58:37 -0400] github-bawt: chef/11-stable e069b17 Serdar Sutay: Merge pull request #1354 from opscode/chef-5169...
[2014-03-31 19:03:23 -0400] github-bawt: [chef] sersut pushed 2 new commits to 11-stable: http://git.io/9qGpig
[2014-03-31 19:03:23 -0400] github-bawt: chef/11-stable 8572532 sersut: Point to the new RCs of ohai and mixlib-shellout.
[2014-03-31 19:03:23 -0400] github-bawt: chef/11-stable a5fe470 sersut: Bump the version number for RC.
[2014-03-31 19:32:38 -0400] github-bawt: [omnibus-chef] danielsdeleo deleted ci-investigate at 42c8c2e: http://git.io/DT8EMw
[2014-03-31 23:12:47 -0400] github-bawt: [omnibus-chef] lamont-granquist created lcg/ubuntu-14.04 (+1 new commit): http://git.io/T0Ce4g
[2014-03-31 23:12:47 -0400] github-bawt: omnibus-chef/lcg/ubuntu-14.04 0cbbc8a Lamont Granquist: support 14.04 via old endpoints
