[2013-07-05 14:32:31 -0400] gondoi: is anyone here today?
[2013-07-05 16:45:44 -0400] rgreen: hey is anyone around?
[2013-07-05 16:49:23 -0400] c_t: for certain values of around, at least
[2013-07-05 16:56:19 -0400] github-bawt: [chef-zero] sethvargo pushed 1 new commit to master: http://git.io/koGz2A
[2013-07-05 16:56:19 -0400] github-bawt: chef-zero/master 32d0a62 Seth Vargo: Fix typo in README (Cerver -> Server)...
[2013-07-05 17:03:38 -0400] rgreen: haha ok well Im wondering if anyone has ever tried pychef http://pychef.readthedocs.org/en/latest/index.html
[2013-07-05 17:30:30 -0400] miketheman: rgreen: yes, I've tried it at the last place I was, we used it for fabric integration with chef roles
[2013-07-05 17:30:48 -0400] miketheman: if you have questions, mention coderanger and he'll appear
[2013-07-05 17:31:16 -0400] coderanger: :-)
[2013-07-05 17:32:00 -0400] rgreen: ok, I am thinking about using it for some switch configuration, i just wanted to know if it is fully functioning client app or will it need some of my own hacking to work with a regular chef server
[2013-07-05 17:53:09 -0400] github-bawt: [omnibus-chef] lamont-granquist force-pushed lcg/unbundle-tests from 75bc467 to b13e8b1: http://git.io/xHsT7Q
[2013-07-05 17:53:09 -0400] github-bawt: omnibus-chef/lcg/unbundle-tests 49fb97f Lamont Granquist: removal of bundle from rspec tests
[2013-07-05 17:53:09 -0400] github-bawt: omnibus-chef/lcg/unbundle-tests 9701a5a Lamont Granquist: point omnibus-software temporarily at branch
[2013-07-05 17:53:09 -0400] github-bawt: omnibus-chef/lcg/unbundle-tests b01c8a0 Lamont Granquist: add the bundle to the windows build here instead of omnibus-software...
[2013-07-05 18:00:16 -0400] coderanger: rgreen: It is fully functional AFAIK, and there are plenty of tests if you want to be sure :)
[2013-07-05 18:28:58 -0400] github-bawt: [chef] danielsdeleo created CHEF-4356 (+1 new commit): http://git.io/UlTYqA
[2013-07-05 18:28:58 -0400] github-bawt: chef/CHEF-4356 8ea04df danielsdeleo: Support platform "suse" and "opensuse" on OpenSuSE...
[2013-07-05 19:01:14 -0400] github-bawt: [ohai] btm pushed 1 new commit to master: http://git.io/tap9CA
[2013-07-05 19:01:14 -0400] github-bawt: ohai/master e6379f2 Bryan McLellan: Revert "[OHAI-339] distinguish openSUSE from SUSE Linux Enterprise"...
[2013-07-05 19:50:40 -0400] github-bawt: [test-kitchen] gondoi opened pull request #161: [KITCHEN-77] Allow custom paths (master...kitchen_77)  http://git.io/82OX2w
[2013-07-05 20:07:32 -0400] github-bawt: [ohai] btm pushed 1 new commit to master: http://git.io/uUVF0g
[2013-07-05 20:07:33 -0400] github-bawt: ohai/master d338698 Bryan McLellan: 6.18.0.rc.2
[2013-07-05 20:43:07 -0400] github-bawt: [omnibus-chef] lamont-granquist pushed 1 new commit to lcg/unbundle-tests: http://git.io/Vj0UBw
[2013-07-05 20:43:07 -0400] github-bawt: omnibus-chef/lcg/unbundle-tests 70e6143 Lamont Granquist: pruning down path
[2013-07-05 21:26:02 -0400] github-bawt: [omnibus-chef] lamont-granquist pushed 1 new commit to lcg/unbundle-tests: http://git.io/qcLTaQ
[2013-07-05 21:26:02 -0400] github-bawt: omnibus-chef/lcg/unbundle-tests 5dce236 Lamont Granquist: debugging, dump env
[2013-07-05 21:41:10 -0400] github-bawt: [omnibus-chef] lamont-granquist pushed 1 new commit to lcg/unbundle-tests: http://git.io/bdaIcg
[2013-07-05 21:41:10 -0400] github-bawt: omnibus-chef/lcg/unbundle-tests 7984d50 Lamont Granquist: try being explicit about env opts
[2013-07-05 21:46:36 -0400] github-bawt: [omnibus-chef] lamont-granquist pushed 1 new commit to lcg/unbundle-tests: http://git.io/YOwYRQ
[2013-07-05 21:46:36 -0400] github-bawt: omnibus-chef/lcg/unbundle-tests 6cba809 Lamont Granquist: use project_dir
[2013-07-05 21:50:02 -0400] github-bawt: [omnibus-chef] lamont-granquist pushed 1 new commit to lcg/unbundle-tests: http://git.io/VXu72Q
[2013-07-05 21:50:02 -0400] github-bawt: omnibus-chef/lcg/unbundle-tests 419594a Lamont Granquist: use project_dir again
[2013-07-05 22:07:27 -0400] github-bawt: [omnibus-chef] lamont-granquist pushed 1 new commit to lcg/unbundle-tests: http://git.io/Ky6YSg
[2013-07-05 22:07:27 -0400] github-bawt: omnibus-chef/lcg/unbundle-tests c491159 Lamont Granquist: avoid matching chef-zero gem
[2013-07-05 22:10:24 -0400] renchap: win 57
[2013-07-05 22:25:53 -0400] github-bawt: [chef] danielsdeleo created CHEF-4357 (+2 new commits): http://git.io/OzkZdw
[2013-07-05 22:25:53 -0400] github-bawt: chef/CHEF-4357 7a05975 danielsdeleo: Print debug stacktraces from within a forked worker...
[2013-07-05 22:25:54 -0400] github-bawt: chef/CHEF-4357 ed7c32d danielsdeleo: Exit worker process on INT/TERM
[2013-07-05 22:26:34 -0400] github-bawt: [chef] danielsdeleo force-pushed CHEF-4357 from ed7c32d to 1d7d704: http://git.io/V4IA4A
[2013-07-05 22:26:35 -0400] github-bawt: chef/CHEF-4357 07ea110 danielsdeleo: Print debug stacktraces from within a forked worker...
[2013-07-05 22:26:35 -0400] github-bawt: chef/CHEF-4357 1d7d704 danielsdeleo: Exit worker process on INT/TERM
[2013-07-05 23:14:15 -0400] github-bawt: [chef] danielsdeleo pushed 1 new commit to master: http://git.io/nBXhzA
[2013-07-05 23:14:15 -0400] github-bawt: chef/master af181c7 danielsdeleo: Merge branch 'CHEF-4357'
[2013-07-05 23:14:46 -0400] github-bawt: [chef] danielsdeleo deleted CHEF-4357 at 1d7d704: http://git.io/NFx-Qw
