[2013-05-22 00:07:24 -0400] openstackgerrit: A change was merged to stackforge/cookbook-openstack-dashboard: Renamed attributes to new standard  https://review.openstack.org/29963
[2013-05-22 05:18:00 -0400] openstackgerrit: John Dewey proposed a change to stackforge/cookbook-openstack-block-storage: Renamed keystone_registration recipe  https://review.openstack.org/30014
[2013-05-22 06:12:48 -0400] openstackgerrit: John Dewey proposed a change to stackforge/cookbook-openstack-compute: Renamed keystone_registration recipe  https://review.openstack.org/30055
[2013-05-22 06:33:37 -0400] openstackgerrit: John Dewey proposed a change to stackforge/cookbook-openstack-compute: Renamed keystone_registration recipe  https://review.openstack.org/30055
[2013-05-22 10:41:49 -0400] openstackgerrit: Ionut Artarisi proposed a change to stackforge/cookbook-openstack-identity: don't track the Gemfile.lock file in git  https://review.openstack.org/30075
[2013-05-22 10:50:05 -0400] openstackgerrit: Ionut Artarisi proposed a change to stackforge/cookbook-openstack-identity: use fauxhai 1.1.0 for opensuse platform support  https://review.openstack.org/30079
[2013-05-22 10:50:06 -0400] openstackgerrit: Ionut Artarisi proposed a change to stackforge/cookbook-openstack-identity: suse server tests  https://review.openstack.org/30080
[2013-05-22 10:50:06 -0400] openstackgerrit: Ionut Artarisi proposed a change to stackforge/cookbook-openstack-identity: use new Boolean type for user/tenant_name attributes  https://review.openstack.org/29498
[2013-05-22 10:50:07 -0400] openstackgerrit: Ionut Artarisi proposed a change to stackforge/cookbook-openstack-identity: Implement support for grizzly release.  https://review.openstack.org/29499
[2013-05-22 10:50:07 -0400] openstackgerrit: Ionut Artarisi proposed a change to stackforge/cookbook-openstack-identity: SUSE platform defaults.  https://review.openstack.org/29496
[2013-05-22 10:50:08 -0400] openstackgerrit: Ionut Artarisi proposed a change to stackforge/cookbook-openstack-identity: cleanup useless variable duplication  https://review.openstack.org/29497
[2013-05-22 10:50:08 -0400] openstackgerrit: Ionut Artarisi proposed a change to stackforge/cookbook-openstack-identity: tenant_enabled should be a Boolean, not a String  https://review.openstack.org/29502
[2013-05-22 10:50:09 -0400] openstackgerrit: Ionut Artarisi proposed a change to stackforge/cookbook-openstack-identity: rely on the openstack-common cookbook for the mysql recipes  https://review.openstack.org/29500
[2013-05-22 10:50:09 -0400] openstackgerrit: Ionut Artarisi proposed a change to stackforge/cookbook-openstack-identity: install client libraries depending on the database type  https://review.openstack.org/29501
[2013-05-22 10:51:16 -0400] openstackgerrit: Ionut Artarisi proposed a change to stackforge/cookbook-openstack-identity: suse server tests  https://review.openstack.org/30080
[2013-05-22 10:51:16 -0400] openstackgerrit: Ionut Artarisi proposed a change to stackforge/cookbook-openstack-identity: use new Boolean type for user/tenant_name attributes  https://review.openstack.org/29498
[2013-05-22 10:51:17 -0400] openstackgerrit: Ionut Artarisi proposed a change to stackforge/cookbook-openstack-identity: Implement support for grizzly release.  https://review.openstack.org/29499
[2013-05-22 10:51:17 -0400] openstackgerrit: Ionut Artarisi proposed a change to stackforge/cookbook-openstack-identity: SUSE platform defaults.  https://review.openstack.org/29496
[2013-05-22 10:51:18 -0400] openstackgerrit: Ionut Artarisi proposed a change to stackforge/cookbook-openstack-identity: cleanup useless variable duplication  https://review.openstack.org/29497
[2013-05-22 10:51:18 -0400] openstackgerrit: Ionut Artarisi proposed a change to stackforge/cookbook-openstack-identity: tenant_enabled should be a Boolean, not a String  https://review.openstack.org/29502
[2013-05-22 10:51:19 -0400] openstackgerrit: Ionut Artarisi proposed a change to stackforge/cookbook-openstack-identity: rely on the openstack-common cookbook for the mysql recipes  https://review.openstack.org/29500
[2013-05-22 10:51:19 -0400] openstackgerrit: Ionut Artarisi proposed a change to stackforge/cookbook-openstack-identity: install client libraries depending on the database type  https://review.openstack.org/29501
[2013-05-22 11:10:15 -0400] openstackgerrit: Ionut Artarisi proposed a change to stackforge/cookbook-openstack-identity: suse server tests  https://review.openstack.org/30080
[2013-05-22 11:10:15 -0400] openstackgerrit: Ionut Artarisi proposed a change to stackforge/cookbook-openstack-identity: use new Boolean type for user/tenant_name attributes  https://review.openstack.org/29498
[2013-05-22 11:10:16 -0400] openstackgerrit: Ionut Artarisi proposed a change to stackforge/cookbook-openstack-identity: Implement support for grizzly release.  https://review.openstack.org/29499
[2013-05-22 11:10:16 -0400] openstackgerrit: Ionut Artarisi proposed a change to stackforge/cookbook-openstack-identity: SUSE platform defaults.  https://review.openstack.org/29496
[2013-05-22 11:10:17 -0400] openstackgerrit: Ionut Artarisi proposed a change to stackforge/cookbook-openstack-identity: cleanup useless variable duplication  https://review.openstack.org/29497
[2013-05-22 11:10:17 -0400] openstackgerrit: Ionut Artarisi proposed a change to stackforge/cookbook-openstack-identity: tenant_enabled should be a Boolean, not a String  https://review.openstack.org/29502
[2013-05-22 11:10:18 -0400] openstackgerrit: Ionut Artarisi proposed a change to stackforge/cookbook-openstack-identity: rely on the openstack-common cookbook for the mysql recipes  https://review.openstack.org/29500
[2013-05-22 11:10:24 -0400] openstackgerrit: Ionut Artarisi proposed a change to stackforge/cookbook-openstack-identity: install client libraries depending on the database type  https://review.openstack.org/29501
[2013-05-22 15:32:30 -0400] openstackgerrit: John Dewey proposed a change to stackforge/cookbook-openstack-compute: Renamed keystone_registration recipe  https://review.openstack.org/30055
[2013-05-22 15:53:02 -0400] EmilienM: welcome fc__ :)
[2013-05-22 17:56:42 -0400] openstackgerrit: A change was merged to stackforge/cookbook-openstack-block-storage: Renamed keystone_registration recipe  https://review.openstack.org/30014
[2013-05-22 18:10:54 -0400] openstackgerrit: A change was merged to stackforge/cookbook-openstack-identity: use fauxhai 1.1.0 for opensuse platform support  https://review.openstack.org/30079
[2013-05-22 21:53:02 -0400] retr0h_: mattray: would u mind rebasing your 29675 revie?
[2013-05-22 21:53:33 -0400] mattray: retr0h_: yeah, I'll get on that
[2013-05-22 21:53:36 -0400] retr0h_: awesomes
[2013-05-22 21:56:48 -0400] mattray: retr0h_: for my own education (and the future education of others when I doc this), how do I submit a rebased PR on the same review?
[2013-05-22 21:57:25 -0400] mattray: when I hit "rebase change" it tells me there are conflicts
